<?xml version="1.0" encoding="UTF-8"?>
<testng-results ignored="0" total="6" passed="6" failed="0" skipped="0">
  <reporter-output>
  </reporter-output>
  <suite started-at="2026-05-14T10:52:10 IST" name="CrossBrowserTesting" finished-at="2026-05-14T10:52:33 IST" duration-ms="22246">
    <groups>
    </groups>
    <test started-at="2026-05-14T10:52:10 IST" name="ChromeTest" finished-at="2026-05-14T10:52:20 IST" duration-ms="9153">
      <class name="com.CRM.Testcases.HomePageTestcase">
        <test-method is-config="true" signature="setup(java.lang.String)[pri:0, instance:com.CRM.Testcases.HomePageTestcase@223191a6]" started-at="2026-05-14T10:52:10 IST" name="setup" finished-at="2026-05-14T10:52:16 IST" duration-ms="5137" status="PASS">
          <params>
            <param index="0">
              <value>
                <![CDATA[chrome]]>
              </value>
            </param>
          </params>
          <reporter-output>
          </reporter-output>
        </test-method> <!-- setup -->
        <test-method signature="VerifyUrl()[pri:1, instance:com.CRM.Testcases.HomePageTestcase@223191a6]" started-at="2026-05-14T10:52:16 IST" name="VerifyUrl" finished-at="2026-05-14T10:52:17 IST" duration-ms="1478" status="PASS">
          <reporter-output>
          </reporter-output>
        </test-method> <!-- VerifyUrl -->
        <test-method signature="ValidateSearchBox()[pri:2, instance:com.CRM.Testcases.HomePageTestcase@223191a6]" started-at="2026-05-14T10:52:17 IST" name="ValidateSearchBox" finished-at="2026-05-14T10:52:20 IST" duration-ms="2433" status="PASS">
          <reporter-output>
          </reporter-output>
        </test-method> <!-- ValidateSearchBox -->
      </class> <!-- com.CRM.Testcases.HomePageTestcase -->
    </test> <!-- ChromeTest -->
    <test started-at="2026-05-14T10:52:20 IST" name="FirefoxTest" finished-at="2026-05-14T10:52:28 IST" duration-ms="8069">
      <class name="com.CRM.Testcases.HomePageTestcase">
        <test-method is-config="true" signature="setup(java.lang.String)[pri:0, instance:com.CRM.Testcases.HomePageTestcase@3590fc5b]" started-at="2026-05-14T10:52:20 IST" name="setup" finished-at="2026-05-14T10:52:26 IST" duration-ms="6395" status="PASS">
          <params>
            <param index="0">
              <value>
                <![CDATA[firefox]]>
              </value>
            </param>
          </params>
          <reporter-output>
          </reporter-output>
        </test-method> <!-- setup -->
        <test-method signature="VerifyUrl()[pri:1, instance:com.CRM.Testcases.HomePageTestcase@3590fc5b]" started-at="2026-05-14T10:52:26 IST" name="VerifyUrl" finished-at="2026-05-14T10:52:26 IST" duration-ms="17" status="PASS">
          <reporter-output>
          </reporter-output>
        </test-method> <!-- VerifyUrl -->
        <test-method signature="ValidateSearchBox()[pri:2, instance:com.CRM.Testcases.HomePageTestcase@3590fc5b]" started-at="2026-05-14T10:52:26 IST" name="ValidateSearchBox" finished-at="2026-05-14T10:52:28 IST" duration-ms="1651" status="PASS">
          <reporter-output>
          </reporter-output>
        </test-method> <!-- ValidateSearchBox -->
      </class> <!-- com.CRM.Testcases.HomePageTestcase -->
    </test> <!-- FirefoxTest -->
    <test started-at="2026-05-14T10:52:28 IST" name="EdgeTest" finished-at="2026-05-14T10:52:33 IST" duration-ms="4942">
      <class name="com.CRM.Testcases.HomePageTestcase">
        <test-method is-config="true" signature="setup(java.lang.String)[pri:0, instance:com.CRM.Testcases.HomePageTestcase@515c6049]" started-at="2026-05-14T10:52:28 IST" name="setup" finished-at="2026-05-14T10:52:30 IST" duration-ms="2680" status="PASS">
          <params>
            <param index="0">
              <value>
                <![CDATA[edge]]>
              </value>
            </param>
          </params>
          <reporter-output>
          </reporter-output>
        </test-method> <!-- setup -->
        <test-method signature="VerifyUrl()[pri:1, instance:com.CRM.Testcases.HomePageTestcase@515c6049]" started-at="2026-05-14T10:52:30 IST" name="VerifyUrl" finished-at="2026-05-14T10:52:30 IST" duration-ms="18" status="PASS">
          <reporter-output>
          </reporter-output>
        </test-method> <!-- VerifyUrl -->
        <test-method signature="ValidateSearchBox()[pri:2, instance:com.CRM.Testcases.HomePageTestcase@515c6049]" started-at="2026-05-14T10:52:30 IST" name="ValidateSearchBox" finished-at="2026-05-14T10:52:33 IST" duration-ms="2234" status="PASS">
          <reporter-output>
          </reporter-output>
        </test-method> <!-- ValidateSearchBox -->
      </class> <!-- com.CRM.Testcases.HomePageTestcase -->
    </test> <!-- EdgeTest -->
  </suite> <!-- CrossBrowserTesting -->
</testng-results>
