<?xml version="1.0" encoding="UTF-8"?>
<!-- Generated by org.testng.reporters.JUnitReportReporter -->
<testsuite hostname="Abhio" failures="0" tests="6" name="com.CRM.Testcases.HomePageTestcase" time="4.785" errors="0" timestamp="2026-05-13T21:07:46 IST" skipped="0">
  <testcase classname="com.CRM.Testcases.HomePageTestcase" name="VerifyUrl" time="0.070"/>
  <system-out/>
  <testcase classname="com.CRM.Testcases.HomePageTestcase" name="VerifyUrl" time="0.020"/>
  <system-out/>
  <testcase classname="com.CRM.Testcases.HomePageTestcase" name="VerifyUrl" time="0.036"/>
  <system-out/>
  <testcase classname="com.CRM.Testcases.HomePageTestcase" name="ValidateSearchBox" time="2.107"/>
  <system-out/>
  <testcase classname="com.CRM.Testcases.HomePageTestcase" name="ValidateSearchBox" time="1.054"/>
  <system-out/>
  <testcase classname="com.CRM.Testcases.HomePageTestcase" name="ValidateSearchBox" time="1.498"/>
  <system-out/>
</testsuite> <!-- com.CRM.Testcases.HomePageTestcase -->
