<?xml version="1.0" encoding="UTF-8"?>
<!-- Generated by org.testng.reporters.JUnitReportReporter -->
<testsuite hostname="Abhio" failures="0" tests="6" name="com.CRM.Testcases.HomePageTestcase" time="5.118" errors="0" timestamp="2026-05-13T18:34:48 IST" skipped="0">
  <testcase classname="com.CRM.Testcases.HomePageTestcase" name="VerifyUrl" time="0.016"/>
  <system-out/>
  <testcase classname="com.CRM.Testcases.HomePageTestcase" name="VerifyUrl" time="0.032"/>
  <system-out/>
  <testcase classname="com.CRM.Testcases.HomePageTestcase" name="VerifyUrl" time="0.025"/>
  <system-out/>
  <testcase classname="com.CRM.Testcases.HomePageTestcase" name="ValidateSearchBox" time="2.026"/>
  <system-out/>
  <testcase classname="com.CRM.Testcases.HomePageTestcase" name="ValidateSearchBox" time="1.493"/>
  <system-out/>
  <testcase classname="com.CRM.Testcases.HomePageTestcase" name="ValidateSearchBox" time="1.526"/>
  <system-out/>
</testsuite> <!-- com.CRM.Testcases.HomePageTestcase -->
